16-Jun-2025 08:28:15.826 INFO [main] org.apache.catalina.startup.VersionLoggerListener.log Nombre de la versión del servidor: Apache Tomcat/9.0.106
16-Jun-2025 08:28:15.828 INFO [main] org.apache.catalina.startup.VersionLoggerListener.log Server built:                      Jun 5 2025 19:02:30 UTC
16-Jun-2025 08:28:15.828 INFO [main] org.apache.catalina.startup.VersionLoggerListener.log Número de versión de servidor:     9.0.106.0
16-Jun-2025 08:28:15.828 INFO [main] org.apache.catalina.startup.VersionLoggerListener.log OS Name:                           Windows 10
16-Jun-2025 08:28:15.829 INFO [main] org.apache.catalina.startup.VersionLoggerListener.log Versión de Systema Operativo:      10.0
16-Jun-2025 08:28:15.829 INFO [main] org.apache.catalina.startup.VersionLoggerListener.log Arquitectura:                      amd64
16-Jun-2025 08:28:15.829 INFO [main] org.apache.catalina.startup.VersionLoggerListener.log Java Home:                         C:\Program Files\Java\jdk-16.0.1
16-Jun-2025 08:28:15.829 INFO [main] org.apache.catalina.startup.VersionLoggerListener.log JVM Version:                       16.0.1+9-24
16-Jun-2025 08:28:15.829 INFO [main] org.apache.catalina.startup.VersionLoggerListener.log Vededor JVM:                       Oracle Corporation
16-Jun-2025 08:28:15.829 INFO [main] org.apache.catalina.startup.VersionLoggerListener.log CATALINA_BASE:                     C:\Users\Windows 10\Downloads\flower\apache-tomcat-9.0.106
16-Jun-2025 08:28:15.829 INFO [main] org.apache.catalina.startup.VersionLoggerListener.log CATALINA_HOME:                     C:\Users\Windows 10\Downloads\flower\apache-tomcat-9.0.106
16-Jun-2025 08:28:15.839 INFO [main] org.apache.catalina.startup.VersionLoggerListener.log Command line argument:             --add-opens=java.base/java.lang=ALL-UNNAMED
16-Jun-2025 08:28:15.839 INFO [main] org.apache.catalina.startup.VersionLoggerListener.log Command line argument:             --add-opens=java.base/java.lang.invoke=ALL-UNNAMED
16-Jun-2025 08:28:15.839 INFO [main] org.apache.catalina.startup.VersionLoggerListener.log Command line argument:             --add-opens=java.base/java.lang.reflect=ALL-UNNAMED
16-Jun-2025 08:28:15.839 INFO [main] org.apache.catalina.startup.VersionLoggerListener.log Command line argument:             --add-opens=java.base/java.io=ALL-UNNAMED
16-Jun-2025 08:28:15.839 INFO [main] org.apache.catalina.startup.VersionLoggerListener.log Command line argument:             --add-opens=java.base/java.util=ALL-UNNAMED
16-Jun-2025 08:28:15.839 INFO [main] org.apache.catalina.startup.VersionLoggerListener.log Command line argument:             --add-opens=java.base/java.util.concurrent=ALL-UNNAMED
16-Jun-2025 08:28:15.839 INFO [main] org.apache.catalina.startup.VersionLoggerListener.log Command line argument:             --add-opens=java.rmi/sun.rmi.transport=ALL-UNNAMED
16-Jun-2025 08:28:15.841 INFO [main] org.apache.catalina.startup.VersionLoggerListener.log Command line argument:             -Djava.util.logging.config.file=C:\Users\Windows 10\Downloads\flower\apache-tomcat-9.0.106\conf\logging.properties
16-Jun-2025 08:28:15.841 INFO [main] org.apache.catalina.startup.VersionLoggerListener.log Command line argument:             -Djava.util.logging.manager=org.apache.juli.ClassLoaderLogManager
16-Jun-2025 08:28:15.841 INFO [main] org.apache.catalina.startup.VersionLoggerListener.log Command line argument:             -Dhttp.nonProxyHosts=localhost|127.0.0.1|GIRAPRCIMFSD088
16-Jun-2025 08:28:15.841 INFO [main] org.apache.catalina.startup.VersionLoggerListener.log Command line argument:             -Djdk.tls.ephemeralDHKeySize=2048
16-Jun-2025 08:28:15.841 INFO [main] org.apache.catalina.startup.VersionLoggerListener.log Command line argument:             -Djava.protocol.handler.pkgs=org.apache.catalina.webresources
16-Jun-2025 08:28:15.841 INFO [main] org.apache.catalina.startup.VersionLoggerListener.log Command line argument:             -Dsun.io.useCanonCaches=false
16-Jun-2025 08:28:15.841 INFO [main] org.apache.catalina.startup.VersionLoggerListener.log Command line argument:             -Dignore.endorsed.dirs=
16-Jun-2025 08:28:15.859 INFO [main] org.apache.catalina.startup.VersionLoggerListener.log Command line argument:             -Dcatalina.base=C:\Users\Windows 10\Downloads\flower\apache-tomcat-9.0.106
16-Jun-2025 08:28:15.860 INFO [main] org.apache.catalina.startup.VersionLoggerListener.log Command line argument:             -Dcatalina.home=C:\Users\Windows 10\Downloads\flower\apache-tomcat-9.0.106
16-Jun-2025 08:28:15.860 INFO [main] org.apache.catalina.startup.VersionLoggerListener.log Command line argument:             -Djava.io.tmpdir=C:\Users\Windows 10\Downloads\flower\apache-tomcat-9.0.106\temp
16-Jun-2025 08:28:15.932 INFO [main] org.apache.catalina.core.AprLifecycleListener.lifecycleEvent Cargada la biblioteca nativa APR de Apache Tomcat [1.3.1] con la versión APR [1.7.4].
16-Jun-2025 08:28:15.932 INFO [main] org.apache.catalina.core.AprLifecycleListener.lifecycleEvent Capacidades APR: IPv6 [true], enviar fichero [true], aceptar filtros [false], aleatorio [true], UDS [true].
16-Jun-2025 08:28:15.932 INFO [main] org.apache.catalina.core.AprLifecycleListener.lifecycleEvent APR/OpenSSL configuration: useAprConnector [false], useOpenSSL [true]
16-Jun-2025 08:28:15.940 INFO [main] org.apache.catalina.core.AprLifecycleListener.initializeSSL OpenSSL inicializado correctamente [OpenSSL 3.0.14 4 Jun 2024]
16-Jun-2025 08:28:16.138 INFO [main] org.apache.coyote.AbstractProtocol.init Inicializando el manejador de protocolo ["http-nio-8080"]

16-Jun-2025 08:28:16.157 INFO [main] org.apache.catalina.startup.Catalina.load Server initialization in [501] milliseconds
16-Jun-2025 08:28:16.202 INFO [main] org.apache.catalina.core.StandardService.startInternal Arrancando servicio [Catalina]
16-Jun-2025 08:28:16.203 INFO [main] org.apache.catalina.core.StandardEngine.startInternal Starting Servlet engine: [Apache Tomcat/9.0.106]
16-Jun-2025 08:28:16.209 INFO [main] org.apache.catalina.startup.HostConfig.deployDirectory Desplegando el directorio [C:\Users\Windows 10\Downloads\flower\apache-tomcat-9.0.106\webapps\docs] de la aplicación web
16-Jun-2025 08:28:16.457 INFO [main] org.apache.catalina.startup.HostConfig.deployDirectory Deployment of web application directory [C:\Users\Windows 10\Downloads\flower\apache-tomcat-9.0.106\webapps\docs] has finished in [246] ms
16-Jun-2025 08:28:16.457 INFO [main] org.apache.catalina.startup.HostConfig.deployDirectory Desplegando el directorio [C:\Users\Windows 10\Downloads\flower\apache-tomcat-9.0.106\webapps\examples] de la aplicación web
16-Jun-2025 08:28:16.778 INFO [main] org.apache.catalina.startup.HostConfig.deployDirectory Deployment of web application directory [C:\Users\Windows 10\Downloads\flower\apache-tomcat-9.0.106\webapps\examples] has finished in [321] ms
16-Jun-2025 08:28:16.778 INFO [main] org.apache.catalina.startup.HostConfig.deployDirectory Desplegando el directorio [C:\Users\Windows 10\Downloads\flower\apache-tomcat-9.0.106\webapps\host-manager] de la aplicación web
16-Jun-2025 08:28:16.818 INFO [main] org.apache.catalina.startup.HostConfig.deployDirectory Deployment of web application directory [C:\Users\Windows 10\Downloads\flower\apache-tomcat-9.0.106\webapps\host-manager] has finished in [40] ms
16-Jun-2025 08:28:16.818 INFO [main] org.apache.catalina.startup.HostConfig.deployDirectory Desplegando el directorio [C:\Users\Windows 10\Downloads\flower\apache-tomcat-9.0.106\webapps\manager] de la aplicación web
16-Jun-2025 08:28:16.854 INFO [main] org.apache.catalina.startup.HostConfig.deployDirectory Deployment of web application directory [C:\Users\Windows 10\Downloads\flower\apache-tomcat-9.0.106\webapps\manager] has finished in [36] ms
16-Jun-2025 08:28:16.854 INFO [main] org.apache.catalina.startup.HostConfig.deployDirectory Desplegando el directorio [C:\Users\Windows 10\Downloads\flower\apache-tomcat-9.0.106\webapps\ROOT] de la aplicación web
16-Jun-2025 08:28:16.880 INFO [main] org.apache.catalina.startup.HostConfig.deployDirectory Deployment of web application directory [C:\Users\Windows 10\Downloads\flower\apache-tomcat-9.0.106\webapps\ROOT] has finished in [26] ms
16-Jun-2025 08:28:16.883 INFO [main] org.apache.coyote.AbstractProtocol.start Starting ProtocolHandler ["http-nio-8080"]
16-Jun-2025 08:28:16.921 INFO [main] org.apache.catalina.startup.Catalina.start Server startup in [764] milliseconds
16-Jun-2025 08:28:28.265 INFO [http-nio-8080-exec-10] org.apache.catalina.startup.HostConfig.deployDescriptor Desplieque del descriptor de configuración [C:\Users\Windows 10\Downloads\flower\apache-tomcat-9.0.106\conf\Catalina\localhost\WebApplication.xml]
16-Jun-2025 08:28:28.266 WARNING [http-nio-8080-exec-10] org.apache.catalina.startup.HostConfig.deployDescriptor The path attribute with value [/WebApplication] in deployment descriptor [C:\Users\Windows 10\Downloads\flower\apache-tomcat-9.0.106\conf\Catalina\localhost\WebApplication.xml] has been ignored
16-Jun-2025 08:28:28.303 INFO [http-nio-8080-exec-10] org.apache.catalina.startup.HostConfig.deployDescriptor Deployment of deployment descriptor [C:\Users\Windows 10\Downloads\flower\apache-tomcat-9.0.106\conf\Catalina\localhost\WebApplication.xml] has finished in [38] ms
16-Jun-2025 08:28:28.306 INFO [http-nio-8080-exec-1] org.apache.catalina.util.LifecycleBase.start The start() method was called on component [StandardEngine[Catalina].StandardHost[localhost].StandardContext[/WebApplication]] after start() had already been called. The second call will be ignored.
